work expenses/stream 1.0 new app/app/build/intermediates/manifest_merge_blame_file/debug/processDebugMainManifest/manifest-merger-blame-debug-report.txt
1<?xml version="1.0" encoding="utf-8"?>
2<manifest xmlns:android="http://schemas.android.com/apk/res/android"
3    package="com.example.stream10"
4    android:versionCode="1"
5    android:versionName="1.0" >
6
7    <uses-sdk
8        android:minSdkVersion="24"
9        android:targetSdkVersion="36" />
10
11    <uses-permission android:name="android.permission.INTERNET" />
11-->src\main\AndroidManifest.xml:4:5-67
11-->src\main\AndroidManifest.xml:4:22-64
12    <uses-permission android:name="android.permission.ACCESS_NETWORK_STATE" />
12-->src\main\AndroidManifest.xml:5:5-79
12-->src\main\AndroidManifest.xml:5:22-76
13    <uses-permission android:name="android.permission.CAMERA" />
13-->src\main\AndroidManifest.xml:6:5-65
13-->src\main\AndroidManifest.xml:6:22-62
14    <uses-permission android:name="android.permission.RECORD_AUDIO" />
14-->src\main\AndroidManifest.xml:7:5-71
14-->src\main\AndroidManifest.xml:7:22-68
15
16    <uses-feature
16-->src\main\AndroidManifest.xml:9:5-11:36
17        android:name="android.hardware.camera"
17-->src\main\AndroidManifest.xml:10:9-47
18        android:required="false" />
18-->src\main\AndroidManifest.xml:11:9-33
19    <uses-feature
19-->src\main\AndroidManifest.xml:12:5-14:36
20        android:name="android.hardware.camera.autofocus"
20-->src\main\AndroidManifest.xml:13:9-57
21        android:required="false" />
21-->src\main\AndroidManifest.xml:14:9-33
22
23    <uses-permission android:name="android.permission.READ_MEDIA_IMAGES" />
23-->src\main\AndroidManifest.xml:16:5-76
23-->src\main\AndroidManifest.xml:16:22-73
24    <uses-permission android:name="android.permission.READ_MEDIA_VIDEO" />
24-->src\main\AndroidManifest.xml:17:5-75
24-->src\main\AndroidManifest.xml:17:22-72
25    <uses-permission android:name="android.permission.READ_MEDIA_AUDIO" />
25-->src\main\AndroidManifest.xml:18:5-75
25-->src\main\AndroidManifest.xml:18:22-72
26    <uses-permission
26-->src\main\AndroidManifest.xml:19:5-21:38
27        android:name="android.permission.READ_EXTERNAL_STORAGE"
27-->src\main\AndroidManifest.xml:20:9-64
28        android:maxSdkVersion="32" />
28-->src\main\AndroidManifest.xml:21:9-35
29    <uses-permission
29-->src\main\AndroidManifest.xml:22:5-24:38
30        android:name="android.permission.WRITE_EXTERNAL_STORAGE"
30-->src\main\AndroidManifest.xml:23:9-65
31        android:maxSdkVersion="28" />
31-->src\main\AndroidManifest.xml:24:9-35
32
33    <permission
33-->[androidx.core:core:1.17.0] AndroidManifest.xml:22:5-24:47
34        android:name="com.example.stream10.DYNAMIC_RECEIVER_NOT_EXPORTED_PERMISSION"
34-->[androidx.core:core:1.17.0] AndroidManifest.xml:23:9-81
35        android:protectionLevel="signature" />
35-->[androidx.core:core:1.17.0] AndroidManifest.xml:24:9-44
36
37    <uses-permission android:name="com.example.stream10.DYNAMIC_RECEIVER_NOT_EXPORTED_PERMISSION" />
37-->[androidx.core:core:1.17.0] AndroidManifest.xml:26:5-97
37-->[androidx.core:core:1.17.0] AndroidManifest.xml:26:22-94
38
39    <application
39-->src\main\AndroidManifest.xml:26:5-51:19
40        android:allowBackup="true"
40-->src\main\AndroidManifest.xml:27:9-35
41        android:appComponentFactory="androidx.core.app.CoreComponentFactory"
41-->[androidx.core:core:1.17.0] AndroidManifest.xml:28:18-86
42        android:debuggable="true"
43        android:extractNativeLibs="false"
44        android:icon="@mipmap/ic_launcher"
44-->src\main\AndroidManifest.xml:28:9-43
45        android:label="@string/app_name"
45-->src\main\AndroidManifest.xml:29:9-41
46        android:roundIcon="@mipmap/ic_launcher_round"
46-->src\main\AndroidManifest.xml:30:9-54
47        android:supportsRtl="true"
47-->src\main\AndroidManifest.xml:31:9-35
48        android:testOnly="true"
49        android:theme="@style/Theme.AppCompat.NoActionBar"
49-->src\main\AndroidManifest.xml:32:9-59
50        android:usesCleartextTraffic="true" >
50-->src\main\AndroidManifest.xml:33:9-44
51        <activity
51-->src\main\AndroidManifest.xml:34:9-36:40
52            android:name="com.example.stream10.TermsActivity"
52-->src\main\AndroidManifest.xml:35:13-42
53            android:exported="false" />
53-->src\main\AndroidManifest.xml:36:13-37
54        <activity
54-->src\main\AndroidManifest.xml:37:9-45:20
55            android:name="com.example.stream10.SplashActivity"
55-->src\main\AndroidManifest.xml:38:13-43
56            android:exported="true" >
56-->src\main\AndroidManifest.xml:39:13-36
57            <intent-filter>
57-->src\main\AndroidManifest.xml:40:13-44:29
58                <action android:name="android.intent.action.MAIN" />
58-->src\main\AndroidManifest.xml:41:17-69
58-->src\main\AndroidManifest.xml:41:25-66
59
60                <category android:name="android.intent.category.LAUNCHER" />
60-->src\main\AndroidManifest.xml:43:17-77
60-->src\main\AndroidManifest.xml:43:27-74
61            </intent-filter>
62        </activity>
63        <activity
63-->src\main\AndroidManifest.xml:46:9-50:58
64            android:name="com.example.stream10.ui.theme.MainActivity"
64-->src\main\AndroidManifest.xml:47:13-50
65            android:configChanges="orientation|screenSize|screenLayout"
65-->src\main\AndroidManifest.xml:48:13-72
66            android:exported="false"
66-->src\main\AndroidManifest.xml:49:13-37
67            android:windowSoftInputMode="adjustResize" />
67-->src\main\AndroidManifest.xml:50:13-55
68        <activity
68-->[androidx.compose.ui:ui-tooling-android:1.9.2] AndroidManifest.xml:23:9-25:39
69            android:name="androidx.compose.ui.tooling.PreviewActivity"
69-->[androidx.compose.ui:ui-tooling-android:1.9.2] AndroidManifest.xml:24:13-71
70            android:exported="true" />
70-->[androidx.compose.ui:ui-tooling-android:1.9.2] AndroidManifest.xml:25:13-36
71        <activity
71-->[androidx.compose.ui:ui-test-manifest:1.9.2] AndroidManifest.xml:23:9-26:79
72            android:name="androidx.activity.ComponentActivity"
72-->[androidx.compose.ui:ui-test-manifest:1.9.2] AndroidManifest.xml:24:13-63
73            android:exported="true"
73-->[androidx.compose.ui:ui-test-manifest:1.9.2] AndroidManifest.xml:25:13-36
74            android:theme="@android:style/Theme.Material.Light.NoActionBar" />
74-->[androidx.compose.ui:ui-test-manifest:1.9.2] AndroidManifest.xml:26:13-76
75
76        <provider
76-->[androidx.emoji2:emoji2:1.4.0] AndroidManifest.xml:24:9-32:20
77            android:name="androidx.startup.InitializationProvider"
77-->[androidx.emoji2:emoji2:1.4.0] AndroidManifest.xml:25:13-67
78            android:authorities="com.example.stream10.androidx-startup"
78-->[androidx.emoji2:emoji2:1.4.0] AndroidManifest.xml:26:13-68
79            android:exported="false" >
79-->[androidx.emoji2:emoji2:1.4.0] AndroidManifest.xml:27:13-37
80            <meta-data
80-->[androidx.emoji2:emoji2:1.4.0] AndroidManifest.xml:29:13-31:52
81                android:name="androidx.emoji2.text.EmojiCompatInitializer"
81-->[androidx.emoji2:emoji2:1.4.0] AndroidManifest.xml:30:17-75
82                android:value="androidx.startup" />
82-->[androidx.emoji2:emoji2:1.4.0] AndroidManifest.xml:31:17-49
83            <meta-data
83-->[androidx.lifecycle:lifecycle-process:2.10.0] AndroidManifest.xml:29:13-31:52
84                android:name="androidx.lifecycle.ProcessLifecycleInitializer"
84-->[androidx.lifecycle:lifecycle-process:2.10.0] AndroidManifest.xml:30:17-78
85                android:value="androidx.startup" />
85-->[androidx.lifecycle:lifecycle-process:2.10.0] AndroidManifest.xml:31:17-49
86            <meta-data
86-->[androidx.profileinstaller:profileinstaller:1.4.0] AndroidManifest.xml:29:13-31:52
87                android:name="androidx.profileinstaller.ProfileInstallerInitializer"
87-->[androidx.profileinstaller:profileinstaller:1.4.0] AndroidManifest.xml:30:17-85
88                android:value="androidx.startup" />
88-->[androidx.profileinstaller:profileinstaller:1.4.0] AndroidManifest.xml:31:17-49
89        </provider>
90
91        <receiver
91-->[androidx.profileinstaller:profileinstaller:1.4.0] AndroidManifest.xml:34:9-52:20
92            android:name="androidx.profileinstaller.ProfileInstallReceiver"
92-->[androidx.profileinstaller:profileinstaller:1.4.0] AndroidManifest.xml:35:13-76
93            android:directBootAware="false"
93-->[androidx.profileinstaller:profileinstaller:1.4.0] AndroidManifest.xml:36:13-44
94            android:enabled="true"
94-->[androidx.profileinstaller:profileinstaller:1.4.0] AndroidManifest.xml:37:13-35
95            android:exported="true"
95-->[androidx.profileinstaller:profileinstaller:1.4.0] AndroidManifest.xml:38:13-36
96            android:permission="android.permission.DUMP" >
96-->[androidx.profileinstaller:profileinstaller:1.4.0] AndroidManifest.xml:39:13-57
97            <intent-filter>
97-->[androidx.profileinstaller:profileinstaller:1.4.0] AndroidManifest.xml:40:13-42:29
98                <action android:name="androidx.profileinstaller.action.INSTALL_PROFILE" />
98-->[androidx.profileinstaller:profileinstaller:1.4.0] AndroidManifest.xml:41:17-91
98-->[androidx.profileinstaller:profileinstaller:1.4.0] AndroidManifest.xml:41:25-88
99            </intent-filter>
100            <intent-filter>
100-->[androidx.profileinstaller:profileinstaller:1.4.0] AndroidManifest.xml:43:13-45:29
101                <action android:name="androidx.profileinstaller.action.SKIP_FILE" />
101-->[androidx.profileinstaller:profileinstaller:1.4.0] AndroidManifest.xml:44:17-85
101-->[androidx.profileinstaller:profileinstaller:1.4.0] AndroidManifest.xml:44:25-82
102            </intent-filter>
103            <intent-filter>
103-->[androidx.profileinstaller:profileinstaller:1.4.0] AndroidManifest.xml:46:13-48:29
104                <action android:name="androidx.profileinstaller.action.SAVE_PROFILE" />
104-->[androidx.profileinstaller:profileinstaller:1.4.0] AndroidManifest.xml:47:17-88
104-->[androidx.profileinstaller:profileinstaller:1.4.0] AndroidManifest.xml:47:25-85
105            </intent-filter>
106            <intent-filter>
106-->[androidx.profileinstaller:profileinstaller:1.4.0] AndroidManifest.xml:49:13-51:29
107                <action android:name="androidx.profileinstaller.action.BENCHMARK_OPERATION" />
107-->[androidx.profileinstaller:profileinstaller:1.4.0] AndroidManifest.xml:50:17-95
107-->[androidx.profileinstaller:profileinstaller:1.4.0] AndroidManifest.xml:50:25-92
108            </intent-filter>
109        </receiver>
110    </application>
111
112</manifest>